[2023-07-10T14:54:04.997+0000] {processor.py:157} INFO - Started process (PID=8217) to work on /opt/airflow/dags/DAG_tuto.py
[2023-07-10T14:54:04.998+0000] {processor.py:826} INFO - Processing file /opt/airflow/dags/DAG_tuto.py for tasks to queue
[2023-07-10T14:54:04.999+0000] {logging_mixin.py:149} INFO - [2023-07-10T14:54:04.999+0000] {dagbag.py:541} INFO - Filling up the DagBag from /opt/airflow/dags/DAG_tuto.py
[2023-07-10T14:54:05.041+0000] {processor.py:838} WARNING - No viable dags retrieved from /opt/airflow/dags/DAG_tuto.py
[2023-07-10T14:54:05.066+0000] {processor.py:179} INFO - Processing /opt/airflow/dags/DAG_tuto.py took 0.073 seconds
[2023-07-10T14:54:35.736+0000] {processor.py:157} INFO - Started process (PID=8289) to work on /opt/airflow/dags/DAG_tuto.py
[2023-07-10T14:54:35.738+0000] {processor.py:826} INFO - Processing file /opt/airflow/dags/DAG_tuto.py for tasks to queue
[2023-07-10T14:54:35.740+0000] {logging_mixin.py:149} INFO - [2023-07-10T14:54:35.739+0000] {dagbag.py:541} INFO - Filling up the DagBag from /opt/airflow/dags/DAG_tuto.py
[2023-07-10T14:54:35.769+0000] {processor.py:838} WARNING - No viable dags retrieved from /opt/airflow/dags/DAG_tuto.py
[2023-07-10T14:54:35.784+0000] {processor.py:179} INFO - Processing /opt/airflow/dags/DAG_tuto.py took 0.052 seconds
[2023-07-10T14:55:06.380+0000] {processor.py:157} INFO - Started process (PID=8354) to work on /opt/airflow/dags/DAG_tuto.py
[2023-07-10T14:55:06.382+0000] {processor.py:826} INFO - Processing file /opt/airflow/dags/DAG_tuto.py for tasks to queue
[2023-07-10T14:55:06.383+0000] {logging_mixin.py:149} INFO - [2023-07-10T14:55:06.383+0000] {dagbag.py:541} INFO - Filling up the DagBag from /opt/airflow/dags/DAG_tuto.py
[2023-07-10T14:55:06.406+0000] {processor.py:838} WARNING - No viable dags retrieved from /opt/airflow/dags/DAG_tuto.py
[2023-07-10T14:55:06.420+0000] {processor.py:179} INFO - Processing /opt/airflow/dags/DAG_tuto.py took 0.043 seconds
[2023-07-10T14:55:36.845+0000] {processor.py:157} INFO - Started process (PID=8419) to work on /opt/airflow/dags/DAG_tuto.py
[2023-07-10T14:55:36.847+0000] {processor.py:826} INFO - Processing file /opt/airflow/dags/DAG_tuto.py for tasks to queue
[2023-07-10T14:55:36.848+0000] {logging_mixin.py:149} INFO - [2023-07-10T14:55:36.848+0000] {dagbag.py:541} INFO - Filling up the DagBag from /opt/airflow/dags/DAG_tuto.py
[2023-07-10T14:55:36.875+0000] {processor.py:838} WARNING - No viable dags retrieved from /opt/airflow/dags/DAG_tuto.py
[2023-07-10T14:55:36.891+0000] {processor.py:179} INFO - Processing /opt/airflow/dags/DAG_tuto.py took 0.049 seconds
[2023-07-10T14:56:07.454+0000] {processor.py:157} INFO - Started process (PID=8484) to work on /opt/airflow/dags/DAG_tuto.py
[2023-07-10T14:56:07.455+0000] {processor.py:826} INFO - Processing file /opt/airflow/dags/DAG_tuto.py for tasks to queue
[2023-07-10T14:56:07.456+0000] {logging_mixin.py:149} INFO - [2023-07-10T14:56:07.456+0000] {dagbag.py:541} INFO - Filling up the DagBag from /opt/airflow/dags/DAG_tuto.py
[2023-07-10T14:56:07.578+0000] {processor.py:838} WARNING - No viable dags retrieved from /opt/airflow/dags/DAG_tuto.py
[2023-07-10T14:56:07.592+0000] {processor.py:179} INFO - Processing /opt/airflow/dags/DAG_tuto.py took 0.141 seconds
[2023-07-10T14:56:37.900+0000] {processor.py:157} INFO - Started process (PID=8549) to work on /opt/airflow/dags/DAG_tuto.py
[2023-07-10T14:56:37.901+0000] {processor.py:826} INFO - Processing file /opt/airflow/dags/DAG_tuto.py for tasks to queue
[2023-07-10T14:56:37.902+0000] {logging_mixin.py:149} INFO - [2023-07-10T14:56:37.902+0000] {dagbag.py:541} INFO - Filling up the DagBag from /opt/airflow/dags/DAG_tuto.py
[2023-07-10T14:56:37.928+0000] {processor.py:838} WARNING - No viable dags retrieved from /opt/airflow/dags/DAG_tuto.py
[2023-07-10T14:56:37.942+0000] {processor.py:179} INFO - Processing /opt/airflow/dags/DAG_tuto.py took 0.045 seconds
[2023-07-10T14:57:08.506+0000] {processor.py:157} INFO - Started process (PID=8615) to work on /opt/airflow/dags/DAG_tuto.py
[2023-07-10T14:57:08.508+0000] {processor.py:826} INFO - Processing file /opt/airflow/dags/DAG_tuto.py for tasks to queue
[2023-07-10T14:57:08.510+0000] {logging_mixin.py:149} INFO - [2023-07-10T14:57:08.510+0000] {dagbag.py:541} INFO - Filling up the DagBag from /opt/airflow/dags/DAG_tuto.py
[2023-07-10T14:57:08.548+0000] {processor.py:838} WARNING - No viable dags retrieved from /opt/airflow/dags/DAG_tuto.py
[2023-07-10T14:57:08.576+0000] {processor.py:179} INFO - Processing /opt/airflow/dags/DAG_tuto.py took 0.075 seconds
[2023-07-10T14:57:38.983+0000] {processor.py:157} INFO - Started process (PID=8680) to work on /opt/airflow/dags/DAG_tuto.py
[2023-07-10T14:57:38.984+0000] {processor.py:826} INFO - Processing file /opt/airflow/dags/DAG_tuto.py for tasks to queue
[2023-07-10T14:57:38.985+0000] {logging_mixin.py:149} INFO - [2023-07-10T14:57:38.985+0000] {dagbag.py:541} INFO - Filling up the DagBag from /opt/airflow/dags/DAG_tuto.py
[2023-07-10T14:57:39.015+0000] {processor.py:838} WARNING - No viable dags retrieved from /opt/airflow/dags/DAG_tuto.py
[2023-07-10T14:57:39.029+0000] {processor.py:179} INFO - Processing /opt/airflow/dags/DAG_tuto.py took 0.048 seconds
[2023-07-10T14:58:09.173+0000] {processor.py:157} INFO - Started process (PID=8745) to work on /opt/airflow/dags/DAG_tuto.py
[2023-07-10T14:58:09.175+0000] {processor.py:826} INFO - Processing file /opt/airflow/dags/DAG_tuto.py for tasks to queue
[2023-07-10T14:58:09.176+0000] {logging_mixin.py:149} INFO - [2023-07-10T14:58:09.176+0000] {dagbag.py:541} INFO - Filling up the DagBag from /opt/airflow/dags/DAG_tuto.py
[2023-07-10T14:58:09.202+0000] {processor.py:838} WARNING - No viable dags retrieved from /opt/airflow/dags/DAG_tuto.py
[2023-07-10T14:58:09.216+0000] {processor.py:179} INFO - Processing /opt/airflow/dags/DAG_tuto.py took 0.047 seconds
[2023-07-10T14:58:39.638+0000] {processor.py:157} INFO - Started process (PID=8811) to work on /opt/airflow/dags/DAG_tuto.py
[2023-07-10T14:58:39.640+0000] {processor.py:826} INFO - Processing file /opt/airflow/dags/DAG_tuto.py for tasks to queue
[2023-07-10T14:58:39.641+0000] {logging_mixin.py:149} INFO - [2023-07-10T14:58:39.641+0000] {dagbag.py:541} INFO - Filling up the DagBag from /opt/airflow/dags/DAG_tuto.py
[2023-07-10T14:58:39.667+0000] {processor.py:838} WARNING - No viable dags retrieved from /opt/airflow/dags/DAG_tuto.py
[2023-07-10T14:58:39.682+0000] {processor.py:179} INFO - Processing /opt/airflow/dags/DAG_tuto.py took 0.047 seconds
[2023-07-10T14:59:09.991+0000] {processor.py:157} INFO - Started process (PID=8876) to work on /opt/airflow/dags/DAG_tuto.py
[2023-07-10T14:59:09.992+0000] {processor.py:826} INFO - Processing file /opt/airflow/dags/DAG_tuto.py for tasks to queue
[2023-07-10T14:59:09.993+0000] {logging_mixin.py:149} INFO - [2023-07-10T14:59:09.993+0000] {dagbag.py:541} INFO - Filling up the DagBag from /opt/airflow/dags/DAG_tuto.py
[2023-07-10T14:59:10.023+0000] {processor.py:838} WARNING - No viable dags retrieved from /opt/airflow/dags/DAG_tuto.py
[2023-07-10T14:59:10.037+0000] {processor.py:179} INFO - Processing /opt/airflow/dags/DAG_tuto.py took 0.050 seconds
[2023-07-10T14:59:40.353+0000] {processor.py:157} INFO - Started process (PID=8942) to work on /opt/airflow/dags/DAG_tuto.py
[2023-07-10T14:59:40.355+0000] {processor.py:826} INFO - Processing file /opt/airflow/dags/DAG_tuto.py for tasks to queue
[2023-07-10T14:59:40.356+0000] {logging_mixin.py:149} INFO - [2023-07-10T14:59:40.356+0000] {dagbag.py:541} INFO - Filling up the DagBag from /opt/airflow/dags/DAG_tuto.py
[2023-07-10T14:59:40.384+0000] {processor.py:838} WARNING - No viable dags retrieved from /opt/airflow/dags/DAG_tuto.py
[2023-07-10T14:59:40.401+0000] {processor.py:179} INFO - Processing /opt/airflow/dags/DAG_tuto.py took 0.051 seconds
[2023-07-10T15:00:10.917+0000] {processor.py:157} INFO - Started process (PID=9007) to work on /opt/airflow/dags/DAG_tuto.py
[2023-07-10T15:00:10.919+0000] {processor.py:826} INFO - Processing file /opt/airflow/dags/DAG_tuto.py for tasks to queue
[2023-07-10T15:00:10.920+0000] {logging_mixin.py:149} INFO - [2023-07-10T15:00:10.920+0000] {dagbag.py:541} INFO - Filling up the DagBag from /opt/airflow/dags/DAG_tuto.py
[2023-07-10T15:00:10.947+0000] {processor.py:838} WARNING - No viable dags retrieved from /opt/airflow/dags/DAG_tuto.py
[2023-07-10T15:00:10.961+0000] {processor.py:179} INFO - Processing /opt/airflow/dags/DAG_tuto.py took 0.047 seconds
[2023-07-10T15:00:24.576+0000] {processor.py:157} INFO - Started process (PID=9033) to work on /opt/airflow/dags/DAG_tuto.py
[2023-07-10T15:00:24.577+0000] {processor.py:826} INFO - Processing file /opt/airflow/dags/DAG_tuto.py for tasks to queue
[2023-07-10T15:00:24.578+0000] {logging_mixin.py:149} INFO - [2023-07-10T15:00:24.578+0000] {dagbag.py:541} INFO - Filling up the DagBag from /opt/airflow/dags/DAG_tuto.py
[2023-07-10T15:00:24.628+0000] {processor.py:838} WARNING - No viable dags retrieved from /opt/airflow/dags/DAG_tuto.py
[2023-07-10T15:00:24.644+0000] {processor.py:179} INFO - Processing /opt/airflow/dags/DAG_tuto.py took 0.072 seconds
[2023-07-10T15:00:25.789+0000] {processor.py:157} INFO - Started process (PID=9036) to work on /opt/airflow/dags/DAG_tuto.py
[2023-07-10T15:00:25.790+0000] {processor.py:826} INFO - Processing file /opt/airflow/dags/DAG_tuto.py for tasks to queue
[2023-07-10T15:00:25.792+0000] {logging_mixin.py:149} INFO - [2023-07-10T15:00:25.791+0000] {dagbag.py:541} INFO - Filling up the DagBag from /opt/airflow/dags/DAG_tuto.py
[2023-07-10T15:00:25.841+0000] {processor.py:838} WARNING - No viable dags retrieved from /opt/airflow/dags/DAG_tuto.py
[2023-07-10T15:00:25.856+0000] {processor.py:179} INFO - Processing /opt/airflow/dags/DAG_tuto.py took 0.070 seconds
[2023-07-10T15:00:26.870+0000] {processor.py:157} INFO - Started process (PID=9037) to work on /opt/airflow/dags/DAG_tuto.py
[2023-07-10T15:00:26.871+0000] {processor.py:826} INFO - Processing file /opt/airflow/dags/DAG_tuto.py for tasks to queue
[2023-07-10T15:00:26.872+0000] {logging_mixin.py:149} INFO - [2023-07-10T15:00:26.872+0000] {dagbag.py:541} INFO - Filling up the DagBag from /opt/airflow/dags/DAG_tuto.py
[2023-07-10T15:00:26.903+0000] {processor.py:838} WARNING - No viable dags retrieved from /opt/airflow/dags/DAG_tuto.py
[2023-07-10T15:00:26.919+0000] {processor.py:179} INFO - Processing /opt/airflow/dags/DAG_tuto.py took 0.054 seconds
[2023-07-10T15:00:57.315+0000] {processor.py:157} INFO - Started process (PID=9102) to work on /opt/airflow/dags/DAG_tuto.py
[2023-07-10T15:00:57.316+0000] {processor.py:826} INFO - Processing file /opt/airflow/dags/DAG_tuto.py for tasks to queue
[2023-07-10T15:00:57.317+0000] {logging_mixin.py:149} INFO - [2023-07-10T15:00:57.317+0000] {dagbag.py:541} INFO - Filling up the DagBag from /opt/airflow/dags/DAG_tuto.py
[2023-07-10T15:00:57.347+0000] {processor.py:838} WARNING - No viable dags retrieved from /opt/airflow/dags/DAG_tuto.py
[2023-07-10T15:00:57.362+0000] {processor.py:179} INFO - Processing /opt/airflow/dags/DAG_tuto.py took 0.050 seconds
[2023-07-10T15:01:27.444+0000] {processor.py:157} INFO - Started process (PID=9168) to work on /opt/airflow/dags/DAG_tuto.py
[2023-07-10T15:01:27.446+0000] {processor.py:826} INFO - Processing file /opt/airflow/dags/DAG_tuto.py for tasks to queue
[2023-07-10T15:01:27.447+0000] {logging_mixin.py:149} INFO - [2023-07-10T15:01:27.447+0000] {dagbag.py:541} INFO - Filling up the DagBag from /opt/airflow/dags/DAG_tuto.py
[2023-07-10T15:01:27.476+0000] {processor.py:838} WARNING - No viable dags retrieved from /opt/airflow/dags/DAG_tuto.py
[2023-07-10T15:01:27.494+0000] {processor.py:179} INFO - Processing /opt/airflow/dags/DAG_tuto.py took 0.053 seconds
[2023-07-10T15:01:57.762+0000] {processor.py:157} INFO - Started process (PID=9233) to work on /opt/airflow/dags/DAG_tuto.py
[2023-07-10T15:01:57.763+0000] {processor.py:826} INFO - Processing file /opt/airflow/dags/DAG_tuto.py for tasks to queue
[2023-07-10T15:01:57.765+0000] {logging_mixin.py:149} INFO - [2023-07-10T15:01:57.765+0000] {dagbag.py:541} INFO - Filling up the DagBag from /opt/airflow/dags/DAG_tuto.py
[2023-07-10T15:01:57.792+0000] {processor.py:838} WARNING - No viable dags retrieved from /opt/airflow/dags/DAG_tuto.py
[2023-07-10T15:01:57.810+0000] {processor.py:179} INFO - Processing /opt/airflow/dags/DAG_tuto.py took 0.052 seconds
[2023-07-10T15:02:28.280+0000] {processor.py:157} INFO - Started process (PID=9298) to work on /opt/airflow/dags/DAG_tuto.py
[2023-07-10T15:02:28.281+0000] {processor.py:826} INFO - Processing file /opt/airflow/dags/DAG_tuto.py for tasks to queue
[2023-07-10T15:02:28.282+0000] {logging_mixin.py:149} INFO - [2023-07-10T15:02:28.282+0000] {dagbag.py:541} INFO - Filling up the DagBag from /opt/airflow/dags/DAG_tuto.py
[2023-07-10T15:02:28.314+0000] {processor.py:838} WARNING - No viable dags retrieved from /opt/airflow/dags/DAG_tuto.py
[2023-07-10T15:02:28.330+0000] {processor.py:179} INFO - Processing /opt/airflow/dags/DAG_tuto.py took 0.053 seconds
[2023-07-10T15:02:29.340+0000] {processor.py:157} INFO - Started process (PID=9299) to work on /opt/airflow/dags/DAG_tuto.py
[2023-07-10T15:02:29.341+0000] {processor.py:826} INFO - Processing file /opt/airflow/dags/DAG_tuto.py for tasks to queue
[2023-07-10T15:02:29.342+0000] {logging_mixin.py:149} INFO - [2023-07-10T15:02:29.342+0000] {dagbag.py:541} INFO - Filling up the DagBag from /opt/airflow/dags/DAG_tuto.py
[2023-07-10T15:02:29.375+0000] {logging_mixin.py:149} INFO - [2023-07-10T15:02:29.373+0000] {dagbag.py:350} ERROR - Failed to import: /opt/airflow/dags/DAG_tuto.py
Traceback (most recent call last):
  File "/home/airflow/.local/lib/python3.7/site-packages/airflow/models/dagbag.py", line 346, in parse
    loader.exec_module(new_module)
  File "<frozen importlib._bootstrap_external>", line 724, in exec_module
  File "<frozen importlib._bootstrap_external>", line 860, in get_code
  File "<frozen importlib._bootstrap_external>", line 791, in source_to_code
  File "<frozen importlib._bootstrap>", line 219, in _call_with_frames_removed
  File "/opt/airflow/dags/DAG_tuto.py", line 42
    t"Dag2",
          ^
SyntaxError: invalid syntax
[2023-07-10T15:02:29.376+0000] {processor.py:838} WARNING - No viable dags retrieved from /opt/airflow/dags/DAG_tuto.py
[2023-07-10T15:02:29.398+0000] {processor.py:179} INFO - Processing /opt/airflow/dags/DAG_tuto.py took 0.063 seconds
[2023-07-10T15:02:33.939+0000] {processor.py:157} INFO - Started process (PID=9305) to work on /opt/airflow/dags/DAG_tuto.py
[2023-07-10T15:02:33.940+0000] {processor.py:826} INFO - Processing file /opt/airflow/dags/DAG_tuto.py for tasks to queue
[2023-07-10T15:02:33.941+0000] {logging_mixin.py:149} INFO - [2023-07-10T15:02:33.941+0000] {dagbag.py:541} INFO - Filling up the DagBag from /opt/airflow/dags/DAG_tuto.py
[2023-07-10T15:02:33.977+0000] {logging_mixin.py:149} INFO - [2023-07-10T15:02:33.976+0000] {dagbag.py:350} ERROR - Failed to import: /opt/airflow/dags/DAG_tuto.py
Traceback (most recent call last):
  File "/home/airflow/.local/lib/python3.7/site-packages/airflow/models/dagbag.py", line 346, in parse
    loader.exec_module(new_module)
  File "<frozen importlib._bootstrap_external>", line 724, in exec_module
  File "<frozen importlib._bootstrap_external>", line 860, in get_code
  File "<frozen importlib._bootstrap_external>", line 791, in source_to_code
  File "<frozen importlib._bootstrap>", line 219, in _call_with_frames_removed
  File "/opt/airflow/dags/DAG_tuto.py", line 42
    dag_id"Dag2",
               ^
SyntaxError: invalid syntax
[2023-07-10T15:02:33.977+0000] {processor.py:838} WARNING - No viable dags retrieved from /opt/airflow/dags/DAG_tuto.py
[2023-07-10T15:02:34.000+0000] {processor.py:179} INFO - Processing /opt/airflow/dags/DAG_tuto.py took 0.064 seconds
[2023-07-10T15:02:36.108+0000] {processor.py:157} INFO - Started process (PID=9318) to work on /opt/airflow/dags/DAG_tuto.py
[2023-07-10T15:02:36.109+0000] {processor.py:826} INFO - Processing file /opt/airflow/dags/DAG_tuto.py for tasks to queue
[2023-07-10T15:02:36.111+0000] {logging_mixin.py:149} INFO - [2023-07-10T15:02:36.111+0000] {dagbag.py:541} INFO - Filling up the DagBag from /opt/airflow/dags/DAG_tuto.py
[2023-07-10T15:02:36.152+0000] {processor.py:838} WARNING - No viable dags retrieved from /opt/airflow/dags/DAG_tuto.py
[2023-07-10T15:02:36.169+0000] {processor.py:179} INFO - Processing /opt/airflow/dags/DAG_tuto.py took 0.067 seconds
[2023-07-10T15:02:37.243+0000] {processor.py:157} INFO - Started process (PID=9320) to work on /opt/airflow/dags/DAG_tuto.py
[2023-07-10T15:02:37.244+0000] {processor.py:826} INFO - Processing file /opt/airflow/dags/DAG_tuto.py for tasks to queue
[2023-07-10T15:02:37.246+0000] {logging_mixin.py:149} INFO - [2023-07-10T15:02:37.245+0000] {dagbag.py:541} INFO - Filling up the DagBag from /opt/airflow/dags/DAG_tuto.py
[2023-07-10T15:02:37.294+0000] {processor.py:838} WARNING - No viable dags retrieved from /opt/airflow/dags/DAG_tuto.py
[2023-07-10T15:02:37.309+0000] {processor.py:179} INFO - Processing /opt/airflow/dags/DAG_tuto.py took 0.069 seconds
[2023-07-10T15:02:38.340+0000] {processor.py:157} INFO - Started process (PID=9328) to work on /opt/airflow/dags/DAG_tuto.py
[2023-07-10T15:02:38.342+0000] {processor.py:826} INFO - Processing file /opt/airflow/dags/DAG_tuto.py for tasks to queue
[2023-07-10T15:02:38.343+0000] {logging_mixin.py:149} INFO - [2023-07-10T15:02:38.343+0000] {dagbag.py:541} INFO - Filling up the DagBag from /opt/airflow/dags/DAG_tuto.py
[2023-07-10T15:02:38.394+0000] {processor.py:838} WARNING - No viable dags retrieved from /opt/airflow/dags/DAG_tuto.py
[2023-07-10T15:02:38.411+0000] {processor.py:179} INFO - Processing /opt/airflow/dags/DAG_tuto.py took 0.076 seconds
[2023-07-10T15:02:45.924+0000] {processor.py:157} INFO - Started process (PID=9341) to work on /opt/airflow/dags/DAG_tuto.py
[2023-07-10T15:02:45.926+0000] {processor.py:826} INFO - Processing file /opt/airflow/dags/DAG_tuto.py for tasks to queue
[2023-07-10T15:02:45.927+0000] {logging_mixin.py:149} INFO - [2023-07-10T15:02:45.927+0000] {dagbag.py:541} INFO - Filling up the DagBag from /opt/airflow/dags/DAG_tuto.py
[2023-07-10T15:02:45.971+0000] {processor.py:838} WARNING - No viable dags retrieved from /opt/airflow/dags/DAG_tuto.py
[2023-07-10T15:02:45.987+0000] {processor.py:179} INFO - Processing /opt/airflow/dags/DAG_tuto.py took 0.066 seconds
[2023-07-10T15:03:16.172+0000] {processor.py:157} INFO - Started process (PID=9406) to work on /opt/airflow/dags/DAG_tuto.py
[2023-07-10T15:03:16.173+0000] {processor.py:826} INFO - Processing file /opt/airflow/dags/DAG_tuto.py for tasks to queue
[2023-07-10T15:03:16.174+0000] {logging_mixin.py:149} INFO - [2023-07-10T15:03:16.174+0000] {dagbag.py:541} INFO - Filling up the DagBag from /opt/airflow/dags/DAG_tuto.py
[2023-07-10T15:03:16.202+0000] {processor.py:838} WARNING - No viable dags retrieved from /opt/airflow/dags/DAG_tuto.py
[2023-07-10T15:03:16.218+0000] {processor.py:179} INFO - Processing /opt/airflow/dags/DAG_tuto.py took 0.050 seconds
[2023-07-10T15:03:23.997+0000] {processor.py:157} INFO - Started process (PID=9428) to work on /opt/airflow/dags/DAG_tuto.py
[2023-07-10T15:03:23.998+0000] {processor.py:826} INFO - Processing file /opt/airflow/dags/DAG_tuto.py for tasks to queue
[2023-07-10T15:03:24.000+0000] {logging_mixin.py:149} INFO - [2023-07-10T15:03:24.000+0000] {dagbag.py:541} INFO - Filling up the DagBag from /opt/airflow/dags/DAG_tuto.py
[2023-07-10T15:03:24.056+0000] {processor.py:838} WARNING - No viable dags retrieved from /opt/airflow/dags/DAG_tuto.py
[2023-07-10T15:03:24.073+0000] {processor.py:179} INFO - Processing /opt/airflow/dags/DAG_tuto.py took 0.082 seconds
[2023-07-10T15:03:26.172+0000] {processor.py:157} INFO - Started process (PID=9430) to work on /opt/airflow/dags/DAG_tuto.py
[2023-07-10T15:03:26.173+0000] {processor.py:826} INFO - Processing file /opt/airflow/dags/DAG_tuto.py for tasks to queue
[2023-07-10T15:03:26.174+0000] {logging_mixin.py:149} INFO - [2023-07-10T15:03:26.174+0000] {dagbag.py:541} INFO - Filling up the DagBag from /opt/airflow/dags/DAG_tuto.py
[2023-07-10T15:03:26.207+0000] {logging_mixin.py:149} INFO - [2023-07-10T15:03:26.205+0000] {dagbag.py:350} ERROR - Failed to import: /opt/airflow/dags/DAG_tuto.py
Traceback (most recent call last):
  File "/home/airflow/.local/lib/python3.7/site-packages/airflow/models/dagbag.py", line 346, in parse
    loader.exec_module(new_module)
  File "<frozen importlib._bootstrap_external>", line 724, in exec_module
  File "<frozen importlib._bootstrap_external>", line 860, in get_code
  File "<frozen importlib._bootstrap_external>", line 791, in source_to_code
  File "<frozen importlib._bootstrap>", line 219, in _call_with_frames_removed
  File "/opt/airflow/dags/DAG_tuto.py", line 36
    from
       ^
SyntaxError: invalid syntax
[2023-07-10T15:03:26.208+0000] {processor.py:838} WARNING - No viable dags retrieved from /opt/airflow/dags/DAG_tuto.py
[2023-07-10T15:03:26.229+0000] {processor.py:179} INFO - Processing /opt/airflow/dags/DAG_tuto.py took 0.061 seconds
[2023-07-10T15:03:29.594+0000] {processor.py:157} INFO - Started process (PID=9436) to work on /opt/airflow/dags/DAG_tuto.py
[2023-07-10T15:03:29.595+0000] {processor.py:826} INFO - Processing file /opt/airflow/dags/DAG_tuto.py for tasks to queue
[2023-07-10T15:03:29.596+0000] {logging_mixin.py:149} INFO - [2023-07-10T15:03:29.596+0000] {dagbag.py:541} INFO - Filling up the DagBag from /opt/airflow/dags/DAG_tuto.py
[2023-07-10T15:03:29.650+0000] {processor.py:838} WARNING - No viable dags retrieved from /opt/airflow/dags/DAG_tuto.py
[2023-07-10T15:03:29.666+0000] {processor.py:179} INFO - Processing /opt/airflow/dags/DAG_tuto.py took 0.075 seconds
[2023-07-10T15:03:35.789+0000] {processor.py:157} INFO - Started process (PID=9446) to work on /opt/airflow/dags/DAG_tuto.py
[2023-07-10T15:03:35.791+0000] {processor.py:826} INFO - Processing file /opt/airflow/dags/DAG_tuto.py for tasks to queue
[2023-07-10T15:03:35.792+0000] {logging_mixin.py:149} INFO - [2023-07-10T15:03:35.792+0000] {dagbag.py:541} INFO - Filling up the DagBag from /opt/airflow/dags/DAG_tuto.py
[2023-07-10T15:03:35.838+0000] {processor.py:838} WARNING - No viable dags retrieved from /opt/airflow/dags/DAG_tuto.py
[2023-07-10T15:03:35.854+0000] {processor.py:179} INFO - Processing /opt/airflow/dags/DAG_tuto.py took 0.069 seconds
[2023-07-10T15:03:37.353+0000] {processor.py:157} INFO - Started process (PID=9455) to work on /opt/airflow/dags/DAG_tuto.py
[2023-07-10T15:03:37.355+0000] {processor.py:826} INFO - Processing file /opt/airflow/dags/DAG_tuto.py for tasks to queue
[2023-07-10T15:03:37.357+0000] {logging_mixin.py:149} INFO - [2023-07-10T15:03:37.356+0000] {dagbag.py:541} INFO - Filling up the DagBag from /opt/airflow/dags/DAG_tuto.py
[2023-07-10T15:03:37.405+0000] {processor.py:838} WARNING - No viable dags retrieved from /opt/airflow/dags/DAG_tuto.py
[2023-07-10T15:03:37.420+0000] {processor.py:179} INFO - Processing /opt/airflow/dags/DAG_tuto.py took 0.074 seconds
