[2023-07-12T07:37:55.260+0000] {taskinstance.py:1103} INFO - Dependencies all met for dep_context=non-requeueable deps ti=<TaskInstance: import_data.create_drivers_table manual__2023-07-12T07:37:53.474040+00:00 [queued]>
[2023-07-12T07:37:55.271+0000] {taskinstance.py:1103} INFO - Dependencies all met for dep_context=requeueable deps ti=<TaskInstance: import_data.create_drivers_table manual__2023-07-12T07:37:53.474040+00:00 [queued]>
[2023-07-12T07:37:55.272+0000] {taskinstance.py:1308} INFO - Starting attempt 1 of 1
[2023-07-12T07:37:55.287+0000] {taskinstance.py:1327} INFO - Executing <Task(PostgresOperator): create_drivers_table> on 2023-07-12 07:37:53.474040+00:00
[2023-07-12T07:37:55.293+0000] {standard_task_runner.py:57} INFO - Started process 501 to run task
[2023-07-12T07:37:55.296+0000] {standard_task_runner.py:84} INFO - Running: ['***', 'tasks', 'run', 'import_data', 'create_drivers_table', 'manual__2023-07-12T07:37:53.474040+00:00', '--job-id', '268', '--raw', '--subdir', 'DAGS_FOLDER/import_data.py', '--cfg-path', '/tmp/tmp8kzqauhk']
[2023-07-12T07:37:55.297+0000] {standard_task_runner.py:85} INFO - Job 268: Subtask create_drivers_table
[2023-07-12T07:37:55.358+0000] {task_command.py:410} INFO - Running <TaskInstance: import_data.create_drivers_table manual__2023-07-12T07:37:53.474040+00:00 [running]> on host 1d6232dcfa4d
[2023-07-12T07:37:55.459+0000] {taskinstance.py:1547} INFO - Exporting env vars: AIRFLOW_CTX_DAG_OWNER='***' AIRFLOW_CTX_DAG_ID='import_data' AIRFLOW_CTX_TASK_ID='create_drivers_table' AIRFLOW_CTX_EXECUTION_DATE='2023-07-12T07:37:53.474040+00:00' AIRFLOW_CTX_TRY_NUMBER='1' AIRFLOW_CTX_DAG_RUN_ID='manual__2023-07-12T07:37:53.474040+00:00'
[2023-07-12T07:37:55.462+0000] {sql.py:265} INFO - Executing: DROP TABLE IF EXISTS drivers_data;
CREATE TABLE drivers_data (
    "school_year" TEXT,
    "vendor_name" TEXT,
    "type_of_service" TEXT,
    "active_employees" TEXT,
    "job_type" TEXT
);

[2023-07-12T07:37:55.471+0000] {base.py:73} INFO - Using connection ID 'tutorial_pg_conn' for task execution.
[2023-07-12T07:37:55.596+0000] {base.py:73} INFO - Using connection ID 'tutorial_pg_conn' for task execution.
[2023-07-12T07:37:55.600+0000] {sql.py:375} INFO - Running statement: DROP TABLE IF EXISTS drivers_data;
CREATE TABLE drivers_data (
    "school_year" TEXT,
    "vendor_name" TEXT,
    "type_of_service" TEXT,
    "active_employees" TEXT,
    "job_type" TEXT
);
, parameters: None
[2023-07-12T07:37:55.623+0000] {taskinstance.py:1350} INFO - Marking task as SUCCESS. dag_id=import_data, task_id=create_drivers_table, execution_date=20230712T073753, start_date=20230712T073755, end_date=20230712T073755
[2023-07-12T07:37:55.669+0000] {local_task_job_runner.py:225} INFO - Task exited with return code 0
[2023-07-12T07:37:55.710+0000] {taskinstance.py:2653} INFO - 1 downstream tasks scheduled from follow-on schedule check
