[2023-07-12T07:14:06.213+0000] {taskinstance.py:1103} INFO - Dependencies all met for dep_context=non-requeueable deps ti=<TaskInstance: import_data.create_drivers_table manual__2023-07-12T07:14:03.466931+00:00 [queued]>
[2023-07-12T07:14:06.224+0000] {taskinstance.py:1103} INFO - Dependencies all met for dep_context=requeueable deps ti=<TaskInstance: import_data.create_drivers_table manual__2023-07-12T07:14:03.466931+00:00 [queued]>
[2023-07-12T07:14:06.225+0000] {taskinstance.py:1308} INFO - Starting attempt 1 of 1
[2023-07-12T07:14:06.243+0000] {taskinstance.py:1327} INFO - Executing <Task(PostgresOperator): create_drivers_table> on 2023-07-12 07:14:03.466931+00:00
[2023-07-12T07:14:06.249+0000] {standard_task_runner.py:57} INFO - Started process 86 to run task
[2023-07-12T07:14:06.253+0000] {standard_task_runner.py:84} INFO - Running: ['***', 'tasks', 'run', 'import_data', 'create_drivers_table', 'manual__2023-07-12T07:14:03.466931+00:00', '--job-id', '265', '--raw', '--subdir', 'DAGS_FOLDER/import_data.py', '--cfg-path', '/tmp/tmpn22m8orv']
[2023-07-12T07:14:06.255+0000] {standard_task_runner.py:85} INFO - Job 265: Subtask create_drivers_table
[2023-07-12T07:14:06.318+0000] {task_command.py:410} INFO - Running <TaskInstance: import_data.create_drivers_table manual__2023-07-12T07:14:03.466931+00:00 [running]> on host 1d6232dcfa4d
[2023-07-12T07:14:06.425+0000] {taskinstance.py:1547} INFO - Exporting env vars: AIRFLOW_CTX_DAG_OWNER='***' AIRFLOW_CTX_DAG_ID='import_data' AIRFLOW_CTX_TASK_ID='create_drivers_table' AIRFLOW_CTX_EXECUTION_DATE='2023-07-12T07:14:03.466931+00:00' AIRFLOW_CTX_TRY_NUMBER='1' AIRFLOW_CTX_DAG_RUN_ID='manual__2023-07-12T07:14:03.466931+00:00'
[2023-07-12T07:14:06.428+0000] {sql.py:265} INFO - Executing: DROP TABLE IF EXISTS drivers_data;
CREATE TABLE drivers_data (
    "school_year" TEXT,
    "vendor_name" TEXT,
    "type_of_service" TEXT,
    "active_employees" TEXT,
    "job_type" TEXT
);

[2023-07-12T07:14:06.439+0000] {base.py:73} INFO - Using connection ID 'tutorial_pg_conn' for task execution.
[2023-07-12T07:14:06.538+0000] {base.py:73} INFO - Using connection ID 'tutorial_pg_conn' for task execution.
[2023-07-12T07:14:06.544+0000] {sql.py:375} INFO - Running statement: DROP TABLE IF EXISTS drivers_data;
CREATE TABLE drivers_data (
    "school_year" TEXT,
    "vendor_name" TEXT,
    "type_of_service" TEXT,
    "active_employees" TEXT,
    "job_type" TEXT
);
, parameters: None
[2023-07-12T07:14:06.580+0000] {taskinstance.py:1350} INFO - Marking task as SUCCESS. dag_id=import_data, task_id=create_drivers_table, execution_date=20230712T071403, start_date=20230712T071406, end_date=20230712T071406
[2023-07-12T07:14:06.625+0000] {local_task_job_runner.py:225} INFO - Task exited with return code 0
[2023-07-12T07:14:06.657+0000] {taskinstance.py:2653} INFO - 1 downstream tasks scheduled from follow-on schedule check
