[2023-07-11T15:08:22.304+0000] {taskinstance.py:1103} INFO - Dependencies all met for dep_context=non-requeueable deps ti=<TaskInstance: AAAA.create_drivers_table manual__2023-07-11T15:08:20.294493+00:00 [queued]>
[2023-07-11T15:08:22.315+0000] {taskinstance.py:1103} INFO - Dependencies all met for dep_context=requeueable deps ti=<TaskInstance: AAAA.create_drivers_table manual__2023-07-11T15:08:20.294493+00:00 [queued]>
[2023-07-11T15:08:22.316+0000] {taskinstance.py:1308} INFO - Starting attempt 1 of 1
[2023-07-11T15:08:22.334+0000] {taskinstance.py:1327} INFO - Executing <Task(PostgresOperator): create_drivers_table> on 2023-07-11 15:08:20.294493+00:00
[2023-07-11T15:08:22.340+0000] {standard_task_runner.py:57} INFO - Started process 8257 to run task
[2023-07-11T15:08:22.344+0000] {standard_task_runner.py:84} INFO - Running: ['***', 'tasks', 'run', 'AAAA', 'create_drivers_table', 'manual__2023-07-11T15:08:20.294493+00:00', '--job-id', '229', '--raw', '--subdir', 'DAGS_FOLDER/import_data2.py', '--cfg-path', '/tmp/tmpokacrgu3']
[2023-07-11T15:08:22.346+0000] {standard_task_runner.py:85} INFO - Job 229: Subtask create_drivers_table
[2023-07-11T15:08:22.407+0000] {task_command.py:410} INFO - Running <TaskInstance: AAAA.create_drivers_table manual__2023-07-11T15:08:20.294493+00:00 [running]> on host 1d6232dcfa4d
[2023-07-11T15:08:22.547+0000] {taskinstance.py:1547} INFO - Exporting env vars: AIRFLOW_CTX_DAG_OWNER='***' AIRFLOW_CTX_DAG_ID='AAAA' AIRFLOW_CTX_TASK_ID='create_drivers_table' AIRFLOW_CTX_EXECUTION_DATE='2023-07-11T15:08:20.294493+00:00' AIRFLOW_CTX_TRY_NUMBER='1' AIRFLOW_CTX_DAG_RUN_ID='manual__2023-07-11T15:08:20.294493+00:00'
[2023-07-11T15:08:22.550+0000] {sql.py:265} INFO - Executing: DROP TABLE IF EXISTS drivers_data;
CREATE TABLE drivers_data (
    "school_year" TEXT,
    "vendor_name" TEXT,
    "type_of_service" TEXT,
    "active_employees" TEXT,
    "job_type" TEXT
);
[2023-07-11T15:08:22.560+0000] {base.py:73} INFO - Using connection ID 'tutorial_pg_conn' for task execution.
[2023-07-11T15:08:22.638+0000] {base.py:73} INFO - Using connection ID 'tutorial_pg_conn' for task execution.
[2023-07-11T15:08:22.643+0000] {sql.py:375} INFO - Running statement: DROP TABLE IF EXISTS drivers_data;
CREATE TABLE drivers_data (
    "school_year" TEXT,
    "vendor_name" TEXT,
    "type_of_service" TEXT,
    "active_employees" TEXT,
    "job_type" TEXT
);, parameters: None
[2023-07-11T15:08:22.675+0000] {taskinstance.py:1350} INFO - Marking task as SUCCESS. dag_id=AAAA, task_id=create_drivers_table, execution_date=20230711T150820, start_date=20230711T150822, end_date=20230711T150822
[2023-07-11T15:08:22.716+0000] {local_task_job_runner.py:225} INFO - Task exited with return code 0
[2023-07-11T15:08:22.743+0000] {taskinstance.py:2653} INFO - 1 downstream tasks scheduled from follow-on schedule check
